C51 COMPILER V9.59.0.0   IO                                                                12/04/2018 20:11:18 PAGE 1   


C51 COMPILER V9.59.0.0, COMPILATION OF MODULE IO
OBJECT MODULE PLACED IN .\Objects\IO.obj
COMPILER INVOKED BY: C:\Users\Arkadiusz\Keil_v5\C51\BIN\C51.EXE IO.c OPTIMIZE(8,SPEED) BROWSE DEBUG OBJECTEXTEND PRINT(.
                    -\Listings\IO.lst) OBJECT(.\Objects\IO.obj)

line level    source

   1          /**
   2           * @author Dominik Luczak
   3           * @date 2016-03-09
   4           * @brief IO.
   5           */
   6          
   7          #include "IO.h"


MODULE INFORMATION:   STATIC OVERLAYABLE
   CODE SIZE        =   ----    ----
   CONSTANT SIZE    =   ----    ----
   XDATA SIZE       =   ----    ----
   PDATA SIZE       =   ----    ----
   DATA SIZE        =   ----    ----
   IDATA SIZE       =   ----    ----
   BIT SIZE         =   ----    ----
END OF MODULE INFORMATION.


C51 COMPILATION COMPLETE.  0 WARNING(S),  0 ERROR(S)
